# JRE version: Java(TM) SE Runtime Environment (26.0.1+8) (build 26.0.1+8-34)
# Java VM: Java HotSpot(TM) 64-Bit Server VM (26.0.1+8-34, mixed mode, sharing, tiered, compressed oops, compressed class ptrs, g1 gc, windows-amd64)
GC Precious Log:
 CardTable entry size: 512
 Card Set container configuration: InlinePtr #cards 4 size 8 Array Of Cards #cards 16 size 48 Howl #buckets 8 coarsen threshold 3686 Howl Bitmap #cards 512 size 80 coarsen threshold 460 Card regions per heap region 1 cards per card region 4096
 CPUs: 12 total, 12 available
 Memory: 16067M
 Large Page Support: Disabled
 NUMA Support: Disabled
 Compressed Oops: Enabled (Zero based)
 Heap Region Size: 2M
 Heap Min Capacity: 8M
 Heap Initial Capacity: 8M
 Heap Max Capacity: 4018M
 Pre-touch: Disabled
 Parallel Workers: 10
 Concurrent Workers: 3
 Concurrent Refinement Workers: 10
 Periodic GC: Disabled
Heap:
 garbage-first heap   total reserved 4114432K, committed 387072K, used 235697K [0x0000000704e00000, 0x0000000800000000)
  region size 2M, 99 eden (198M), 1 survivor (2M), 15 old (30M), 2 humongous (4M), 72 free (144M)
GC Heap Usage History (20 events):
Event: 4187.503 {heap Before GC invocations=126 (full 0):
 garbage-first heap   total reserved 4114432K, committed 137216K, used 114845K [0x0000000704e00000, 0x0000000800000000)
  region size 2M, 39 eden (78M), 1 survivor (2M), 15 old (30M), 2 humongous (4M), 10 free (20M)
}
Event: 4187.519 {heap After GC invocations=127 (full 0):
 garbage-first heap   total reserved 4114432K, committed 137216K, used 35158K [0x0000000704e00000, 0x0000000800000000)
  region size 2M, 0 eden (0M), 1 survivor (2M), 15 old (30M), 2 humongous (4M), 49 free (98M)
}
Event: 4188.054 {heap Before GC invocations=128 (full 0):
 garbage-first heap   total reserved 4114432K, committed 137216K, used 115030K [0x0000000704e00000, 0x0000000800000000)
  region size 2M, 39 eden (78M), 1 survivor (2M), 15 old (30M), 2 humongous (4M), 10 free (20M)
}
Event: 4188.059 {heap After GC invocations=129 (full 0):
 garbage-first heap   total reserved 4114432K, committed 137216K, used 35179K [0x0000000704e00000, 0x0000000800000000)
  region size 2M, 0 eden (0M), 1 survivor (2M), 15 old (30M), 2 humongous (4M), 49 free (98M)
}
Event: 4247.622 {heap Before GC invocations=129 (full 0):
 garbage-first heap   total reserved 4114432K, committed 137216K, used 115051K [0x0000000704e00000, 0x0000000800000000)
  region size 2M, 39 eden (78M), 1 survivor (2M), 15 old (30M), 2 humongous (4M), 10 free (20M)
}
Event: 4247.677 {heap After GC invocations=130 (full 0):
 garbage-first heap   total reserved 4114432K, committed 137216K, used 34824K [0x0000000704e00000, 0x0000000800000000)
  region size 2M, 0 eden (0M), 1 survivor (2M), 15 old (30M), 2 humongous (4M), 49 free (98M)
}
Event: 4307.073 {heap Before GC invocations=130 (full 0):
 garbage-first heap   total reserved 4114432K, committed 137216K, used 114696K [0x0000000704e00000, 0x0000000800000000)
  region size 2M, 39 eden (78M), 1 survivor (2M), 15 old (30M), 2 humongous (4M), 10 free (20M)
}
Event: 4307.082 {heap After GC invocations=131 (full 0):
 garbage-first heap   total reserved 4114432K, committed 129024K, used 35106K [0x0000000704e00000, 0x0000000800000000)
  region size 2M, 0 eden (0M), 1 survivor (2M), 15 old (30M), 2 humongous (4M), 45 free (90M)
}
Event: 4307.557 {heap Before GC invocations=132 (full 0):
 garbage-first heap   total reserved 4114432K, committed 129024K, used 108834K [0x0000000704e00000, 0x0000000800000000)
  region size 2M, 36 eden (72M), 1 survivor (2M), 15 old (30M), 2 humongous (4M), 9 free (18M)
}
Event: 4307.631 {heap After GC invocations=133 (full 0):
 garbage-first heap   total reserved 4114432K, committed 129024K, used 35040K [0x0000000704e00000, 0x0000000800000000)
  region size 2M, 0 eden (0M), 1 survivor (2M), 15 old (30M), 2 humongous (4M), 45 free (90M)
}
Event: 4308.017 {heap Before GC invocations=133 (full 0):
 garbage-first heap   total reserved 4114432K, committed 129024K, used 108768K [0x0000000704e00000, 0x0000000800000000)
  region size 2M, 36 eden (72M), 1 survivor (2M), 15 old (30M), 2 humongous (4M), 9 free (18M)
}
Event: 4308.025 {heap After GC invocations=134 (full 0):
 garbage-first heap   total reserved 4114432K, committed 129024K, used 34866K [0x0000000704e00000, 0x0000000800000000)
  region size 2M, 0 eden (0M), 1 survivor (2M), 15 old (30M), 2 humongous (4M), 45 free (90M)
}
Event: 4367.433 {heap Before GC invocations=134 (full 0):
 garbage-first heap   total reserved 4114432K, committed 129024K, used 108594K [0x0000000704e00000, 0x0000000800000000)
  region size 2M, 36 eden (72M), 1 survivor (2M), 15 old (30M), 2 humongous (4M), 9 free (18M)
}
Event: 4367.437 {heap After GC invocations=135 (full 0):
 garbage-first heap   total reserved 4114432K, committed 129024K, used 34976K [0x0000000704e00000, 0x0000000800000000)
  region size 2M, 0 eden (0M), 1 survivor (2M), 15 old (30M), 2 humongous (4M), 45 free (90M)
}
Event: 4367.888 {heap Before GC invocations=136 (full 0):
 garbage-first heap   total reserved 4114432K, committed 129024K, used 108704K [0x0000000704e00000, 0x0000000800000000)
  region size 2M, 36 eden (72M), 1 survivor (2M), 15 old (30M), 2 humongous (4M), 9 free (18M)
}
Event: 4367.896 {heap After GC invocations=137 (full 0):
 garbage-first heap   total reserved 4114432K, committed 387072K, used 34981K [0x0000000704e00000, 0x0000000800000000)
  region size 2M, 0 eden (0M), 1 survivor (2M), 15 old (30M), 2 humongous (4M), 171 free (342M)
}
Event: 4487.245 {heap Before GC invocations=137 (full 0):
 garbage-first heap   total reserved 4114432K, committed 387072K, used 264357K [0x0000000704e00000, 0x0000000800000000)
  region size 2M, 112 eden (224M), 1 survivor (2M), 15 old (30M), 2 humongous (4M), 59 free (118M)
}
Event: 4487.273 {heap After GC invocations=138 (full 0):
 garbage-first heap   total reserved 4114432K, committed 387072K, used 35069K [0x0000000704e00000, 0x0000000800000000)
  region size 2M, 0 eden (0M), 1 survivor (2M), 15 old (30M), 2 humongous (4M), 171 free (342M)
}
Event: 4607.991 {heap Before GC invocations=138 (full 0):
 garbage-first heap   total reserved 4114432K, committed 387072K, used 264445K [0x0000000704e00000, 0x0000000800000000)
  region size 2M, 112 eden (224M), 1 survivor (2M), 15 old (30M), 2 humongous (4M), 59 free (118M)
}
Event: 4608.003 {heap After GC invocations=139 (full 0):
 garbage-first heap   total reserved 4114432K, committed 387072K, used 34993K [0x0000000704e00000, 0x0000000800000000)
  region size 2M, 0 eden (0M), 1 survivor (2M), 15 old (30M), 2 humongous (4M), 171 free (342M)
}

